+------------------------------------------------------------------------------------------------+
| npu-smi 25.5.1                   Version: 25.5.1                                               |
+---------------------------+---------------+----------------------------------------------------+
| NPU   Name                | Health        | Power(W)    Temp(C)           Hugepages-Usage(page)|
| Chip                      | Bus-Id        | AICore(%)   Memory-Usage(MB)  HBM-Usage(MB)        |
+===========================+===============+====================================================+
| 0     910B4               | OK            | 89.2        40                0    / 0             |
| 0                         | 0000:C1:00.0  | 0           0    / 0          2903 / 32768         |
+===========================+===============+====================================================+
| 1     910B4               | OK            | 90.8        42                0    / 0             |
| 0                         | 0000:01:00.0  | 0           0    / 0          2899 / 32768         |
+===========================+===============+====================================================+
| 2     910B4               | OK            | 89.1        41                0    / 0             |
| 0                         | 0000:C2:00.0  | 0           0    / 0          2899 / 32768         |
+===========================+===============+====================================================+
| 3     910B4               | OK            | 89.7        41                0    / 0             |
| 0                         | 0000:02:00.0  | 0           0    / 0          2895 / 32768         |
+===========================+===============+====================================================+
| 4     910B4               | OK            | 95.8        40                0    / 0             |
| 0                         | 0000:81:00.0  | 0           0    / 0          2893 / 32768         |
+===========================+===============+====================================================+
| 5     910B4               | OK            | 87.5        42                0    / 0             |
| 0                         | 0000:41:00.0  | 0           0    / 0          2887 / 32768         |
+===========================+===============+====================================================+
| 6     910B4               | OK            | 88.1        41                0    / 0             |
| 0                         | 0000:82:00.0  | 0           0    / 0          2893 / 32768         |
+===========================+===============+====================================================+
| 7     910B4               | OK            | 92.2        41                0    / 0             |
| 0                         | 0000:42:00.0  | 0           0    / 0          2895 / 32768         |
+===========================+===============+====================================================+
+---------------------------+---------------+----------------------------------------------------+
| NPU     Chip              | Process id    | Process name             | Process memory(MB)      |
+===========================+===============+====================================================+
| No running processes found in NPU 0                                                            |
+===========================+===============+====================================================+
| No running processes found in NPU 1                                                            |
+===========================+===============+====================================================+
| No running processes found in NPU 2                                                            |
+===========================+===============+====================================================+
| No running processes found in NPU 3                                                            |
+===========================+===============+====================================================+
| No running processes found in NPU 4                                                            |
+===========================+===============+====================================================+
| No running processes found in NPU 5                                                            |
+===========================+===============+====================================================+
| No running processes found in NPU 6                                                            |
+===========================+===============+====================================================+
| No running processes found in NPU 7                                                            |
+===========================+===============+====================================================+
